<?xml version="1.0" encoding="UTF-8"?>
<!-- Generated by org.testng.reporters.JUnitXMLReporter -->
<testsuite ignored="0" hostname="VijithaVasudev" failures="1" tests="3" name="Error Validations Test" time="28.446" errors="0" timestamp="2024-06-14T08:58:57 IST">
  <testcase classname="SeleniumFrameworkDesign.ErrorValidations" name="LoginErrorValidation" time="4.684">
    <skipped/>
  </testcase> <!-- LoginErrorValidation -->
  <testcase classname="SeleniumFrameworkDesign.ErrorValidations" name="LoginErrorValidation" time="2.248">
    <failure type="java.lang.AssertionError" message="expected [Incorrect email or password.] but found [Incorrect email  password.]">
      <![CDATA[java.lang.AssertionError: expected [Incorrect email or password.] but found [Incorrect email  password.]
at SeleniumFrameworkDesign.ErrorValidations.LoginErrorValidation(ErrorValidations.java:33)
at java.base/java.util.ArrayList.forEach(ArrayList.java:1511)
at java.base/java.util.concurrent.FutureTask.run(FutureTask.java:264)
at java.base/java.util.concurrent.ThreadPoolExecutor.runWorker(ThreadPoolExecutor.java:1136)
at java.base/java.util.concurrent.ThreadPoolExecutor$Worker.run(ThreadPoolExecutor.java:635)
at java.base/java.lang.Thread.run(Thread.java:840)
... Removed 23 stack frames]]>
    </failure>
  </testcase> <!-- LoginErrorValidation -->
  <testcase classname="SeleniumFrameworkDesign.ErrorValidations" name="productErrorValidation" time="13.84"/>
</testsuite> <!-- Error Validations Test -->
